[2026-03-31T13:16:56.058Z] GET /api/notes
[2026-03-31T13:17:03.575Z] GET /api/me
[2026-03-31T13:17:27.419Z] GET /api/notes
[2026-03-31T13:17:47.424Z] GET /api/notes
[2026-03-31T13:17:57.746Z] GET /api/notes/4fe0de43-a58f-4836-9ffc-d841488d8c47
[2026-03-31T13:18:25.346Z] POST /api/translate-note
[2026-03-31T13:19:26.615Z] POST /api/notes/4fe0de43-a58f-4836-9ffc-d841488d8c47/reset
[2026-03-31T13:20:55.275Z] GET /api/notes
[2026-03-31T13:31:16.776Z] GET /api/notes
[2026-03-31T13:31:55.750Z] GET /api/notes/4fe0de43-a58f-4836-9ffc-d841488d8c47
[2026-03-31T13:32:04.101Z] GET /api/notes
[2026-03-31T13:32:35.703Z] GET /api/me
[2026-03-31T13:32:39.592Z] PUT /api/me
[2026-03-31T13:32:42.172Z] PUT /api/me
[2026-03-31T13:33:06.023Z] PUT /api/me
[2026-03-31T13:33:16.693Z] PUT /api/me
[2026-03-31T13:33:20.397Z] PUT /api/me
[2026-03-31T13:33:26.516Z] GET /api/notes
[2026-03-31T13:33:37.124Z] GET /api/notes
[2026-03-31T13:34:53.339Z] GET /api/notes
[2026-03-31T13:35:34.336Z] GET /api/notes
[2026-03-31T13:35:40.760Z] GET /api/notes/4fe0de43-a58f-4836-9ffc-d841488d8c47
[2026-03-31T13:36:27.177Z] GET /api/notes
[2026-03-31T13:38:15.221Z] POST /api/generate-notes
[2026-03-31T13:38:53.253Z] POST /api/notes
[2026-03-31T21:32:58.735Z] GET /api/notes
[2026-03-31T21:33:10.050Z] GET /api/me
[2026-03-31T21:33:16.515Z] PUT /api/me
[2026-03-31T21:33:40.393Z] PUT /api/me
[2026-03-31T21:33:44.065Z] PUT /api/me
[2026-03-31T21:33:47.207Z] PUT /api/me
[2026-03-31T21:52:13.026Z] POST /api/signup
[2026-03-31T21:53:00.949Z] POST /api/verify-signup-otp
[2026-03-31T21:53:31.663Z] POST /api/set-pin
[2026-03-31T21:53:45.433Z] POST /api/login
[2026-03-31T21:53:50.488Z] GET /api/me
[2026-03-31T21:53:56.462Z] PUT /api/me
[2026-03-31T21:54:01.179Z] PUT /api/me
[2026-03-31T21:58:03.529Z] PUT /api/me
[2026-03-31T21:58:03.623Z] POST /api/signup
[2026-03-31T21:58:40.903Z] POST /api/verify-signup-otp
[2026-03-31T21:58:45.762Z] PUT /api/me
[2026-03-31T21:59:30.393Z] GET /api/me
[2026-03-31T21:59:43.185Z] POST /api/login
[2026-03-31T21:59:53.190Z] POST /api/forgot-password
[2026-03-31T22:00:16.856Z] POST /api/verify-reset-token
[2026-03-31T22:00:43.935Z] POST /api/reset-password
[2026-03-31T22:01:09.000Z] POST /api/login
[2026-03-31T22:01:17.707Z] POST /api/login
[2026-03-31T22:01:23.957Z] POST /api/forgot-password
[2026-03-31T22:01:43.596Z] POST /api/verify-reset-token
[2026-03-31T22:03:17.090Z] POST /api/verify-reset-token
[2026-03-31T22:03:46.444Z] POST /api/forgot-password
[2026-03-31T22:04:06.871Z] POST /api/verify-reset-token
[2026-03-31T22:08:23.803Z] POST /api/forgot-password
[2026-03-31T22:08:38.745Z] POST /api/verify-reset-token
[2026-03-31T22:08:49.034Z] POST /api/reset-password
[2026-03-31T22:10:34.835Z] POST /api/login
[2026-03-31T22:10:37.231Z] PUT /api/me
[2026-03-31T22:10:55.605Z] GET /api/me
[2026-03-31T22:11:01.999Z] PUT /api/me
[2026-03-31T22:11:03.191Z] GET /api/me
[2026-03-31T22:11:22.803Z] GET /api/me
[2026-03-31T22:11:31.245Z] POST /api/login
[2026-03-31T22:11:34.570Z] GET /api/me
[2026-03-31T22:12:44.451Z] GET /api/me
[2026-03-31T22:12:51.932Z] GET /api/me
[2026-03-31T22:13:41.665Z] GET /api/notes
[2026-03-31T22:13:53.578Z] GET /api/notes
[2026-03-31T22:14:06.755Z] GET /api/notes
[2026-03-31T22:14:17.181Z] GET /api/me
[2026-03-31T22:14:36.700Z] POST /api/login
[2026-03-31T22:14:54.335Z] POST /api/forgot-password
[2026-03-31T22:15:19.314Z] POST /api/verify-reset-token
[2026-03-31T22:15:29.647Z] POST /api/reset-password
[2026-03-31T22:15:37.367Z] POST /api/login
[2026-03-31T22:15:40.104Z] GET /api/notes
[2026-03-31T22:15:42.220Z] GET /api/me
[2026-03-31T22:15:43.761Z] GET /api/notes
[2026-03-31T22:16:18.903Z] POST /api/login
[2026-03-31T22:16:44.430Z] POST /api/login
[2026-03-31T22:16:49.514Z] GET /api/notes
[2026-03-31T22:16:55.450Z] GET /api/me
[2026-03-31T22:18:43.685Z] GET /api/notes
[2026-03-31T22:20:05.553Z] POST /api/login
[2026-03-31T22:20:16.161Z] GET /api/notes
[2026-03-31T22:20:17.684Z] GET /api/me
[2026-03-31T22:21:24.822Z] GET /api/notes
[2026-03-31T22:21:32.171Z] GET /api/me
[2026-03-31T22:21:35.075Z] GET /api/notes
[2026-03-31T22:21:43.048Z] GET /api/notes
[2026-03-31T22:21:50.055Z] POST /api/login
[2026-03-31T22:21:52.882Z] GET /api/me
[2026-03-31T22:21:57.985Z] GET /api/notes
[2026-03-31T22:21:59.429Z] GET /api/notes
[2026-03-31T22:22:54.175Z] GET /api/notes
[2026-07-12T16:45:42.362Z] GET /
[2026-07-12T16:45:45.889Z] GET /favicon.ico
[2026-07-12T16:45:50.821Z] GET /api
[2026-07-12T16:45:53.515Z] GET /favicon.ico
[2026-07-12T16:57:18.692Z] GET /api/me
[2026-07-12T16:58:24.887Z] GET /api/me
[2026-07-12T16:58:44.844Z] GET /api/me
[2026-07-12T16:58:55.547Z] GET /api/me
[2026-07-12T17:02:02.233Z] GET /api/me
[2026-07-12T17:02:13.951Z] POST /api/signup
[2026-07-12T17:03:00.620Z] POST /api/verify-signup-otp
[2026-07-12T17:03:13.507Z] POST /api/set-pin
[2026-07-12T17:03:19.974Z] POST /api/login
[2026-07-12T17:03:20.517Z] PUT /api/me
[2026-07-12T17:03:30.475Z] GET /api/notes
[2026-07-12T17:03:34.393Z] GET /api/me
[2026-07-12T17:04:23.635Z] GET /api/me
[2026-07-12T17:11:04.736Z] POST /api/signup
[2026-07-12T17:12:53.064Z] POST /api/signup
[2026-07-12T17:13:07.125Z] POST /api/login
[2026-07-12T17:14:29.501Z] POST /api/login
[2026-07-12T17:16:31.257Z] GET /api/me
[2026-07-12T17:17:09.680Z] POST /api/resend-signup-otp
[2026-07-12T17:17:33.191Z] POST /api/login
[2026-07-12T17:17:47.185Z] POST /api/login
[2026-07-12T17:17:55.434Z] POST /api/forgot-password
[2026-07-12T17:18:22.573Z] POST /api/verify-reset-token
[2026-07-12T17:18:33.562Z] POST /api/reset-password
[2026-07-12T17:18:40.555Z] POST /api/login
[2026-07-12T17:18:46.422Z] POST /api/login
[2026-07-12T17:18:59.157Z] POST /api/login
[2026-07-12T17:19:59.840Z] POST /api/login
[2026-07-12T17:20:58.853Z] POST /api/login
[2026-07-12T17:22:33.604Z] POST /api/login
[2026-07-12T17:22:39.382Z] POST /api/forgot-password
[2026-07-12T17:23:21.556Z] POST /api/verify-reset-token
[2026-07-12T17:23:33.368Z] POST /api/reset-password
[2026-07-12T17:23:41.996Z] POST /api/login
[2026-07-12T17:23:45.561Z] GET /api/notes
[2026-07-12T17:23:47.311Z] GET /api/me
